
     | | | | | | |
   _________________
  -|               |-
  -|               |-
  -|               |-
  -|    CYPRESS    |-
  -|               |-
  -|               |-   Warp VHDL Synthesis Compiler: Version 6.3 IR 35
  -|               |-   Copyright (C) 1991-2001 Cypress Semiconductor
   |_______________|
     | | | | | | |

======================================================================
Compiling:  Boleta.vhd
Options:    -yu -e10 -w100 -o2 -ygs -fP -v10 -dc22v10 -ppalc22v10d-25pc -b Boleta.vhd -u Decodificador.hie
======================================================================

vhdlfe V6.3 IR 35:  VHDL parser
Wed Oct 27 03:28:22 2021

Library 'work' => directory 'lc22v10'
Linking 'C:\Archivos de programa\Cypress\Warp\bin\std.vhd'.
Linking 'C:\Archivos de programa\Cypress\Warp\lib\common\cypress.vhd'.
Linking 'C:\Archivos de programa\Cypress\Warp\lib\common\work\cypress.vif'.
Library 'ieee' => directory 'C:\Archivos de programa\Cypress\Warp\lib\ieee\work'
Linking 'C:\Archivos de programa\Cypress\Warp\lib\ieee\work\stdlogic.vif'.

vhdlfe:  No errors.


tovif V6.3 IR 35:  High-level synthesis
Wed Oct 27 03:28:22 2021

Linking 'C:\Archivos de programa\Cypress\Warp\bin\std.vhd'.
Linking 'C:\Archivos de programa\Cypress\Warp\lib\common\cypress.vhd'.
Linking 'C:\Archivos de programa\Cypress\Warp\lib\common\work\cypress.vif'.
Linking 'C:\Archivos de programa\Cypress\Warp\lib\ieee\work\stdlogic.vif'.

tovif:  No errors.


topld V6.3 IR 35:  Synthesis and optimization
Wed Oct 27 03:28:22 2021

Linking 'C:\Archivos de programa\Cypress\Warp\bin\std.vhd'.
Linking 'C:\Archivos de programa\Cypress\Warp\lib\common\cypress.vhd'.
Linking 'C:\Archivos de programa\Cypress\Warp\lib\common\work\cypress.vif'.
Linking 'C:\Archivos de programa\Cypress\Warp\lib\ieee\work\stdlogic.vif'.

----------------------------------------------------------
Detecting unused logic.
----------------------------------------------------------



------------------------------------------------------
Alias Detection
------------------------------------------------------

------------------------------------------------------
Aliased 0 equations, 0 wires.
------------------------------------------------------

----------------------------------------------------------
Circuit simplification
----------------------------------------------------------

----------------------------------------------------------
Circuit simplification results:

	Expanded 0 signals.
	Turned 0 signals into soft nodes.
	Maximum default expansion cost was set at 10.
----------------------------------------------------------
Created 11 PLD nodes.

topld:  No errors.

----------------------------------------------------------------------------
PLD Optimizer Software:       DSGNOPT.EXE    31/03/2000  [v4.02 ] 6.3 IR 35

DESIGN HEADER INFORMATION  (03:28:24)

Input File(s): Boleta.pla
Device       : C22V10
Package      : palc22v10d-25pc
ReportFile   : Boleta.rpt

Program Controls:
    COMMAND LANGUAGE_VHDL 
    COMMAND PROPERTY BUS_HOLD ENABLE 

Signal Requests:
    GROUP USEPOL ALL
    GROUP FAST_SLEW ALL

Completed Successfully  
----------------------------------------------------------------------------
PLD Optimizer Software:       DSGNOPT.EXE    31/03/2000  [v4.02 ] 6.3 IR 35

OPTIMIZATION OPTIONS       (03:28:24)

Messages:
  Information: Optimizing logic using best output polarity for signals:
         display(0) display(1) display(2) display(3)

  Information: Selected logic optimization OFF for signals:
         display(4) display(5) display(6)



Summary:
                 Error Count = 0      Warning Count = 0

Completed Successfully  
----------------------------------------------------------------------------
PLD Optimizer Software:       MINOPT.EXE     01/NOV/1999  [v4.02 ] 6.3 IR 35

LOGIC MINIMIZATION         ()

Messages:


Summary:
                 Error Count = 0      Warning Count = 0

Completed Successfully
----------------------------------------------------------------------------
PLD Optimizer Software:       DSGNOPT.EXE    31/03/2000  [v4.02 ] 6.3 IR 35

OPTIMIZATION OPTIONS       (03:28:24)

Messages:
  Information: Optimizing Banked Preset/Reset requirements.


Summary:
                 Error Count = 0      Warning Count = 0

Completed Successfully  
----------------------------------------------------------------------------
PLD Compiler Software:        PLA2JED.EXE    31/03/2000  [v4.02 ] 6.3 IR 35

<CYPRESSTAG name="Equations" icon=FILE_RPT_EQUATION>
DESIGN EQUATIONS           (03:28:24)
</CYPRESSTAG>

    display(0) =
          e(0) * /e(2) * /e(3) 
        + e(1) * e(2) 

    /display(1) =
          e(0) * /e(1) * /e(2) 
        + /e(0) * e(2) 

    /display(2) =
          /e(1) * /e(2) * /e(3) 
        + /e(0) * /e(3) 

    display(3) =
          e(0) * e(1) 
        + /e(0) * e(3) 

    display(4) =
          /e(0) * /e(2) * /e(3) 

    display(5) =
          /e(0) * /e(1) * e(2) 

    display(6) =
          e(0) * e(1) 


Completed Successfully  
----------------------------------------------------------------------------
PLD Compiler Software:        PLA2JED.EXE    31/03/2000  [v4.02 ] 6.3 IR 35

DESIGN RULE CHECK          (03:28:24)

Messages:
                 None.


Summary:
                 Error Count = 0      Warning Count = 0

Completed Successfully  
----------------------------------------------------------------------------
PLD Compiler Software:        PLA2JED.EXE    31/03/2000  [v4.02 ] 6.3 IR 35

<CYPRESSTAG name="Pinout" icon=FILE_RPT_PINOUT>
PINOUT INFORMATION   (03:28:24)
</CYPRESSTAG>
Messages:
  Information: Checking for duplicate NODE logic.
                 None.


                                 C22V10
                 __________________________________________
           e(3) =| 1|                                  |24|* not used       
           e(2) =| 2|                                  |23|= display(2)     
           e(1) =| 3|                                  |22|= display(0)     
           e(0) =| 4|                                  |21|= display(5)     
       not used *| 5|                                  |20|* not used       
       not used *| 6|                                  |19|* not used       
       not used *| 7|                                  |18|* not used       
       not used *| 8|                                  |17|= display(4)     
       not used *| 9|                                  |16|= display(6)     
       not used *|10|                                  |15|= display(1)     
       not used *|11|                                  |14|= display(3)     
       not used *|12|                                  |13|* not used       
                 __________________________________________


Summary:
                 Error Count = 0      Warning Count = 0

Completed Successfully  
----------------------------------------------------------------------------
PLD Compiler Software:        PLA2JED.EXE    31/03/2000  [v4.02 ] 6.3 IR 35

<CYPRESSTAG name="Utilization" icon=FILE_RPT_UTILIZATION>
RESOURCE UTILIZATION (03:28:24)
</CYPRESSTAG>
  Information: Macrocell Utilization.

                     Description        Used     Max
                 ______________________________________
                 | Dedicated Inputs   |    3  |   11  |
                 | Clock/Inputs       |    1  |    1  |
                 | I/O Macrocells     |    7  |   10  |
                 ______________________________________
                                          11  /   22   = 50  %


  Information: Output Logic Product Term Utilization.

                  Node#  Output Signal Name  Used   Max
                 ________________________________________
                 | 14  |  display(3)      |   2  |   8  |
                 | 15  |  display(1)      |   2  |  10  |
                 | 16  |  display(6)      |   1  |  12  |
                 | 17  |  display(4)      |   1  |  14  |
                 | 18  |  Unused          |   0  |  16  |
                 | 19  |  Unused          |   0  |  16  |
                 | 20  |  Unused          |   0  |  14  |
                 | 21  |  display(5)      |   1  |  12  |
                 | 22  |  display(0)      |   2  |  10  |
                 | 23  |  display(2)      |   2  |   8  |
                 | 25  |  Unused          |   0  |   1  |
                 ________________________________________
                                             11  / 121   = 9   %


Completed Successfully  
----------------------------------------------------------------------------
PLD Compiler Software:        PLA2JED.EXE    31/03/2000  [v4.02 ] 6.3 IR 35

JEDEC ASSEMBLE             (03:28:24)

Messages:
  Information: Output file 'Boleta.pin' created.
  Information: Output file 'Boleta.jed' created.

  Usercode:    
  Checksum:    6273



Summary:
                 Error Count = 0      Warning Count = 0

Completed Successfully at 03:28:24
