Design: 23:43, domingo, 01 de mayo de 2022
Design: Opening design "C:\Documents and Settings\Administrador\Escritorio\compuertas\compuertas.adf"
Compilation with file reorder...
File: C:\Documents and Settings\Administrador\Escritorio\compuertas.vhd
Compile Entity "compuertas"
Compile Architecture "codigo" of Entity "compuertas"
Top-Level unit detected
Entity  =>   compuertas
Compile success 0 Errors 0 Warnings  Analysis time :  0.0 [s]
ELBREAD: Elaboration process.
ELBREAD: Elaboration time 0.0 [s].
ELBREAD: Elaboration process.
ELBREAD: Elaboration time 0.0 [s].
KERNEL: Main thread initiated.
KERNEL: Kernel process initialization phase.
ELAB2: Elaboration final pass...
ELAB2: Elaboration final pass complete - time: 0.0 [s].
KERNEL: Kernel process initialization done.
23:44, domingo, 01 de mayo de 2022
Simulation has been initialized
Selected Top-Level: compuertas (codigo)
KERNEL: stopped at time: 100 ns
KERNEL: Simulation has finished. There are no more test vectors to simulate.
KERNEL: stopped at time: 200 ns
KERNEL: Simulation has finished. There are no more test vectors to simulate.
KERNEL: stopped at time: 300 ns
KERNEL: Simulation has finished. There are no more test vectors to simulate.
KERNEL: stopped at time: 400 ns
KERNEL: Simulation has finished. There are no more test vectors to simulate.
KERNEL: stopped at time: 500 ns
KERNEL: Simulation has finished. There are no more test vectors to simulate.
