Design: 17:05, miércoles, 03 de noviembre de 2021
Design: Opening design "C:\Documents and Settings\Administrador\Escritorio\Practica 6\sum3bits\sum3bits.adf"
Compilation with file reorder...
File: C:\Documents and Settings\Administrador\Escritorio\Practica 6\sum3bits.vhd
Compile Entity "suma"
Compile Architecture "codigo" of Entity "suma"
Top-Level unit detected
Entity  =>   suma
Compile success 0 Errors 0 Warnings  Analysis time :  0.0 [s]
ELBREAD: Elaboration process.
ELBREAD: Elaboration time 0.0 [s].
ELBREAD: Elaboration process.
ELBREAD: Elaboration time 0.0 [s].
KERNEL: Main thread initiated.
KERNEL: Kernel process initialization phase.
ELAB2: Elaboration final pass...
ELAB2: Elaboration final pass complete - time: 0.0 [s].
KERNEL: Kernel process initialization done.
17:11, miércoles, 03 de noviembre de 2021
Simulation has been initialized
Selected Top-Level: suma (codigo)
KERNEL: stopped at time: 100 ns
KERNEL: Simulation has finished. There are no more test vectors to simulate.
KERNEL: stopped at time: 200 ns
KERNEL: Simulation has finished. There are no more test vectors to simulate.
KERNEL: stopped at time: 300 ns
KERNEL: Simulation has finished. There are no more test vectors to simulate.
KERNEL: stopped at time: 400 ns
KERNEL: Simulation has finished. There are no more test vectors to simulate.
KERNEL: stopped at time: 500 ns
KERNEL: Simulation has finished. There are no more test vectors to simulate.
