Design: 11:28, lunes, 20 de diciembre de 2021
Design: Opening design "C:\Documents and Settings\Administrador\Escritorio\Practica 11\vhd\ffD\ffD.adf"
Compilation with file reorder...
File: C:\Documents and Settings\Administrador\Escritorio\Practica 11\vhd\ffD.vhd
Compile Entity "flipflop"
Compile Architecture "DSMB" of Entity "flipflop"
Top-Level unit detected
Entity  =>   flipflop
Compile success 0 Errors 0 Warnings  Analysis time :  0.0 [s]
ELBREAD: Elaboration process.
ELBREAD: Elaboration time 0.0 [s].
ELBREAD: Elaboration process.
ELBREAD: Elaboration time 0.0 [s].
KERNEL: Main thread initiated.
KERNEL: Kernel process initialization phase.
ELAB2: Elaboration final pass...
ELAB2: Elaboration final pass complete - time: 0.1 [s].
KERNEL: Kernel process initialization done.
11:28, lunes, 20 de diciembre de 2021
Simulation has been initialized
Selected Top-Level: flipflop (DSMB)
KERNEL: stopped at time: 100 ns
KERNEL: stopped at time: 200 ns
KERNEL: stopped at time: 300 ns
KERNEL: stopped at time: 400 ns
KERNEL: stopped at time: 500 ns
KERNEL: stopped at time: 600 ns
KERNEL: stopped at time: 700 ns
KERNEL: stopped at time: 800 ns
KERNEL: stopped at time: 900 ns
KERNEL: stopped at time: 1 us
Simulation has been stopped
