
vhdlfe V6.3 IR 35:  VHDL parser
Wed Oct 13 17:28:18 2021

Setting library 'work' to directory 'lc22v10'

vhdlfe:  No errors.


vhdlfe V6.3 IR 35:  VHDL parser
Wed Oct 13 17:28:27 2021

Setting library 'work' to directory 'lc22v10'

vhdlfe:  No errors.


vhdlfe V6.3 IR 35:  VHDL parser
Wed Oct 13 17:28:53 2021

Setting library 'work' to directory 'lc22v10'

vhdlfe:  No errors.


vhdlfe V6.3 IR 35:  VHDL parser
Wed Oct 13 17:44:38 2021

Setting library 'work' to directory 'lc22v10'

vhdlfe:  No errors.


vhdlfe V6.3 IR 35:  VHDL parser
Wed Oct 13 21:42:04 2021

Setting library 'work' to directory 'lc22v10'

vhdlfe:  No errors.


vhdlfe V6.3 IR 35:  VHDL parser
Wed Oct 13 23:05:39 2021

Setting library 'work' to directory 'lc22v10'

vhdlfe:  No errors.


vhdlfe V6.3 IR 35:  VHDL parser
Tue Oct 19 00:44:39 2021

Setting library 'work' to directory 'lc22v10'

vhdlfe:  No errors.


vhdlfe V6.3 IR 35:  VHDL parser
Tue Oct 19 01:07:18 2021

Setting library 'work' to directory 'lc22v10'

vhdlfe:  No errors.


vhdlfe V6.3 IR 35:  VHDL parser
Tue Oct 19 01:12:46 2021

Setting library 'work' to directory 'lc22v10'

vhdlfe:  No errors.


vhdlfe V6.3 IR 35:  VHDL parser
Tue Oct 19 01:57:43 2021

Setting library 'work' to directory 'lc22v10'

vhdlfe:  No errors.


vhdlfe V6.3 IR 35:  VHDL parser
Wed Oct 20 02:07:57 2021

Setting library 'work' to directory 'lc22v10'

vhdlfe:  No errors.

