Design: 0:45, martes, 19 de octubre de 2021
Design: Opening design "C:\Documents and Settings\Administrador\Mis documentos\or\or.adf"
Error: ULM_0011: Invalid library name "or".  
Warning: Library Manager: Library "work" detached.
Compilation with file reorder...
File: C:\Documents and Settings\Administrador\Mis documentos\or.vhd
Compile Entity "compuerta_or"
Compile Architecture "funcion" of Entity "compuerta_or"
Top-Level unit detected
Entity  =>   compuerta_or
Compile success 0 Errors 0 Warnings  Analysis time :  0.0 [s]
ELBREAD: Elaboration process.
ELBREAD: Elaboration time 0.0 [s].
ELBREAD: Elaboration process.
ELBREAD: Elaboration time 0.0 [s].
KERNEL: Main thread initiated.
KERNEL: Kernel process initialization phase.
ELAB2: Elaboration final pass...
ELAB2: Elaboration final pass complete - time: 0.0 [s].
KERNEL: Kernel process initialization done.
0:46, martes, 19 de octubre de 2021
Simulation has been initialized
Selected Top-Level: compuerta_or (funcion)
KERNEL: stopped at time: 100 ns
KERNEL: Simulation has finished. There are no more test vectors to simulate.
KERNEL: stopped at time: 200 ns
KERNEL: Simulation has finished. There are no more test vectors to simulate.
KERNEL: stopped at time: 300 ns
KERNEL: Simulation has finished. There are no more test vectors to simulate.
KERNEL: stopped at time: 400 ns
KERNEL: Simulation has finished. There are no more test vectors to simulate.
KERNEL: stopped at time: 500 ns
KERNEL: Simulation has finished. There are no more test vectors to simulate.
Simulation has been stopped
