Design: 3:28, miércoles, 27 de octubre de 2021
Design: Opening design "C:\Documents and Settings\Administrador\Escritorio\Practica 2\Decodificador\Decodificador.adf"
ELBREAD: Elaboration process.
ELBREAD: Elaboration time 0.0 [s].
ELBREAD: Elaboration process.
ELBREAD: Elaboration time 0.0 [s].
KERNEL: Main thread initiated.
KERNEL: Kernel process initialization phase.
ELAB2: Elaboration final pass...
ELAB2: Elaboration final pass complete - time: 0.0 [s].
KERNEL: Kernel process initialization done.
3:28, miércoles, 27 de octubre de 2021
Simulation has been initialized
Selected Top-Level: EDeco (ADeco)
KERNEL: stopped at time: 100 ns
KERNEL: Simulation has finished. There are no more test vectors to simulate.
KERNEL: stopped at time: 200 ns
KERNEL: Simulation has finished. There are no more test vectors to simulate.
KERNEL: Error: Value 2 doesn't belong to type std_logic
Cannot force signal E with formula 0002.
KERNEL: stopped at time: 300 ns
KERNEL: Simulation has finished. There are no more test vectors to simulate.
KERNEL: Error: Value 2 doesn't belong to type std_logic
Cannot force signal E with formula 0002.
KERNEL: Error: Value 2 doesn't belong to type std_logic
Cannot force signal E with formula 0002.
KERNEL: Error: Value 2 doesn't belong to type std_logic
Cannot force signal E with formula 0002.
KERNEL: stopped at time: 400 ns
KERNEL: Simulation has finished. There are no more test vectors to simulate.
Simulation has been stopped
