Design: 11:47, lunes, 20 de diciembre de 2021
Design: Opening design "C:\Documents and Settings\Administrador\Escritorio\Practica 11\vhd\FFT\FFT.adf"
Compilation with file reorder...
File: C:\Documents and Settings\Administrador\Escritorio\Practica 11\vhd\FFT.vhd
Compile Entity "fft"
Compile Architecture "DSMB" of Entity "fft"
Top-Level unit detected
Entity  =>   fft
Compile success 0 Errors 0 Warnings  Analysis time :  0.0 [s]
ELBREAD: Elaboration process.
ELBREAD: Elaboration time 0.0 [s].
ELBREAD: Elaboration process.
ELBREAD: Elaboration time 0.0 [s].
KERNEL: Main thread initiated.
KERNEL: Kernel process initialization phase.
ELAB2: Elaboration final pass...
ELAB2: Elaboration final pass complete - time: 0.0 [s].
KERNEL: Kernel process initialization done.
11:47, lunes, 20 de diciembre de 2021
Simulation has been initialized
Selected Top-Level: fft (DSMB)
KERNEL: stopped at time: 100 ns
KERNEL: stopped at time: 200 ns
KERNEL: stopped at time: 300 ns
KERNEL: stopped at time: 400 ns
KERNEL: stopped at time: 500 ns
KERNEL: stopped at time: 600 ns
KERNEL: stopped at time: 700 ns
Simulation has been stopped
